<?xml version="1.0" encoding="UTF-8"?>
<!-- Generated by org.testng.reporters.JUnitReportReporter -->
<testsuite skipped="0" hostname="D-184003222" name="com.wipro.chcare.ccc.openCart004_AddingPhonesToTheCart" tests="5" failures="0" timestamp="02 Feb 2018 11:45:32 GMT" time="102.395" errors="0">
  <testcase name="openApp" time="1.830" classname="com.wipro.chcare.ccc.openCart004_AddingPhonesToTheCart"/>
  <testcase name="loginApp" time="0.701" classname="com.wipro.chcare.ccc.openCart004_AddingPhonesToTheCart"/>
  <testcase name="billingDetails" time="59.772" classname="com.wipro.chcare.ccc.openCart004_AddingPhonesToTheCart"/>
  <testcase name="homePageNavigation" time="0.372" classname="com.wipro.chcare.ccc.openCart004_AddingPhonesToTheCart"/>
  <testcase name="AddingPhonesToTheCart" time="39.720" classname="com.wipro.chcare.ccc.openCart004_AddingPhonesToTheCart"/>
</testsuite> <!-- com.wipro.chcare.ccc.openCart004_AddingPhonesToTheCart -->
