<?xml version="1.0" encoding="UTF-8"?>
<!-- Generated by org.testng.reporters.JUnitReportReporter -->
<testsuite skipped="0" hostname="D-184003222" name="com.wipro.chcare.ccc.openCart002_OrderHistory" tests="6" failures="0" timestamp="07 Feb 2018 09:13:04 GMT" time="91.462" errors="0">
  <testcase name="orderHistory" time="51.643" classname="com.wipro.chcare.ccc.openCart002_OrderHistory"/>
  <testcase name="openApp" time="1.742" classname="com.wipro.chcare.ccc.openCart002_OrderHistory"/>
  <testcase name="checkOutConfirmOrder" time="23.639" classname="com.wipro.chcare.ccc.openCart002_OrderHistory"/>
  <testcase name="addToShoppingCart89and10" time="1.031" classname="com.wipro.chcare.ccc.openCart002_OrderHistory"/>
  <testcase name="loginApp" time="1.055" classname="com.wipro.chcare.ccc.openCart002_OrderHistory"/>
  <testcase name="homePageNavigation" time="12.352" classname="com.wipro.chcare.ccc.openCart002_OrderHistory"/>
</testsuite> <!-- com.wipro.chcare.ccc.openCart002_OrderHistory -->
