<?xml version="1.0" encoding="UTF-8"?>
<!-- Generated by org.testng.reporters.JUnitReportReporter -->
<testsuite skipped="0" hostname="D-184003222" name="com.wipro.chcare.ccc.openCart001_Registration" tests="5" failures="0" timestamp="07 Feb 2018 09:10:43 GMT" time="51.173" errors="0">
  <testcase name="reviewProd" time="20.143" classname="com.wipro.chcare.ccc.openCart001_Registration"/>
  <testcase name="addToWishList" time="11.935" classname="com.wipro.chcare.ccc.openCart001_Registration"/>
  <testcase name="openApp" time="1.189" classname="com.wipro.chcare.ccc.openCart001_Registration"/>
  <testcase name="registration" time="4.702" classname="com.wipro.chcare.ccc.openCart001_Registration"/>
  <testcase name="reviewProd" time="13.204" classname="com.wipro.chcare.ccc.openCart001_Registration"/>
</testsuite> <!-- com.wipro.chcare.ccc.openCart001_Registration -->
