<?xml version="1.0" encoding="UTF-8"?>
<!-- Generated by org.testng.reporters.JUnitReportReporter -->
<testsuite skipped="0" hostname="D-184003222" name="com.wipro.chcare.ccc.openCart003_ProductComparison" tests="2" failures="0" timestamp="07 Feb 2018 09:17:49 GMT" time="103.559" errors="0">
  <testcase name="openApp" time="2.525" classname="com.wipro.chcare.ccc.openCart003_ProductComparison"/>
  <testcase name="productComparison" time="101.034" classname="com.wipro.chcare.ccc.openCart003_ProductComparison"/>
</testsuite> <!-- com.wipro.chcare.ccc.openCart003_ProductComparison -->
