<?xml version="1.0" encoding="UTF-8"?>
<!-- Generated by org.testng.reporters.JUnitReportReporter -->
<testsuite skipped="0" hostname="D-184003222" name="com.wipro.chcare.ccc.ExtentReportsBaseClass" tests="1" failures="0" timestamp="07 Feb 2018 06:16:17 GMT" time="0.015" errors="0">
  <testcase name="openApp" time="0.015" classname="com.wipro.chcare.ccc.ExtentReportsBaseClass"/>
</testsuite> <!-- com.wipro.chcare.ccc.ExtentReportsBaseClass -->
