<?xml version="1.0" encoding="UTF-8"?>
<!-- Generated by org.testng.reporters.JUnitReportReporter -->
<testsuite skipped="0" hostname="D-184003222" name="com.wipro.chcare.ccc.openCart005_GiftVoucher" tests="3" failures="0" timestamp="06 Feb 2018 05:20:33 GMT" time="37.070" errors="0">
  <testcase name="loginapp" time="0.691" classname="com.wipro.chcare.ccc.openCart005_GiftVoucher"/>
  <testcase name="Gift_Vouchers" time="35.010" classname="com.wipro.chcare.ccc.openCart005_GiftVoucher"/>
  <testcase name="openApp" time="1.369" classname="com.wipro.chcare.ccc.openCart005_GiftVoucher"/>
</testsuite> <!-- com.wipro.chcare.ccc.openCart005_GiftVoucher -->
